Building DAG of jobs...
Using shell: /usr/bin/bash
Provided cores: 4
Rules claiming more threads will be scaled down.
Job stats:
job                  count
-----------------  -------
all                      1
control_Microglia        1
dir_proy                 1
total                    3

Select jobs to execute...

[Fri Nov  7 15:42:10 2025]
rule control_Microglia:
    input: txt/srrs_clean.txt
    output: txt/microglia_exosome_control.txt
    jobid: 5
    reason: Forced execution
    resources: tmpdir=/tmp

[Fri Nov  7 15:45:50 2025]
Finished job 5.
1 of 3 steps (33%) done
Select jobs to execute...

[Fri Nov  7 15:45:50 2025]
rule dir_proy:
    input: data/metadata_microglia.tsv, txt/microglia_exosome_control.txt
    output: Pipeline/Projects
    jobid: 1
    reason: Missing output files: Pipeline/Projects; Input files updated by another job: txt/microglia_exosome_control.txt
    resources: tmpdir=/tmp

[Fri Nov  7 15:45:50 2025]
Finished job 1.
2 of 3 steps (67%) done
Select jobs to execute...

[Fri Nov  7 15:45:50 2025]
rule all:
    input: Pipeline/Projects
    jobid: 0
    reason: Input files updated by another job: Pipeline/Projects
    resources: tmpdir=/tmp

[Fri Nov  7 15:45:50 2025]
Finished job 0.
3 of 3 steps (100%) done
Complete log: .snakemake/log/2025-11-07T154210.056121.snakemake.log
