Building DAG of jobs...
Using shell: /usr/bin/bash
Provided cores: 4
Rules claiming more threads will be scaled down.
Job stats:
job      count
-----  -------
all          1
total        1

Select jobs to execute...

[Mon Nov 10 14:17:03 2025]
rule all:
    input: scripts/create_config.py
    jobid: 0
    reason: Rules with a run or shell declaration but no output are always executed.
    resources: tmpdir=/tmp

[Mon Nov 10 14:17:03 2025]
Finished job 0.
1 of 1 steps (100%) done
Complete log: .snakemake/log/2025-11-10T141703.487510.snakemake.log
