Building DAG of jobs...
Using shell: /usr/bin/bash
Provided cores: 4
Rules claiming more threads will be scaled down.
Job stats:
job         count
--------  -------
all             1
dir_proy        1
total           2

Select jobs to execute...

[Mon Nov 10 13:57:11 2025]
rule dir_proy:
    input: data/metadata_microglia.tsv, txt/microglia_exosome_control.txt
    output: Pipeline/Projects
    jobid: 1
    reason: Missing output files: Pipeline/Projects
    resources: tmpdir=/tmp

[Mon Nov 10 13:57:12 2025]
Finished job 1.
1 of 2 steps (50%) done
Select jobs to execute...

[Mon Nov 10 13:57:12 2025]
rule all:
    input: Pipeline/Projects
    jobid: 0
    reason: Rules with a run or shell declaration but no output are always executed.
    resources: tmpdir=/tmp

[Mon Nov 10 13:57:12 2025]
Finished job 0.
2 of 2 steps (100%) done
Complete log: .snakemake/log/2025-11-10T135711.329353.snakemake.log
